26 Feb 2025 15:09:25,424 INFO com.sismics.util.jpa.EMF.getEntityManagerProperties(EMF.java:67) Configuring EntityManager from hibernate.properties 
26 Feb 2025 15:09:28,379 INFO com.sismics.util.jpa.DbOpenHelper.open(DbOpenHelper.java:57) Opening database and executing incremental updates 
26 Feb 2025 15:09:28,382 INFO com.sismics.util.jpa.DbOpenHelper.open(DbOpenHelper.java:83) Unable to get database version: Table T_CONFIG not found 
26 Feb 2025 15:09:28,383 INFO com.sismics.util.jpa.DbOpenHelper.open(DbOpenHelper.java:98) Executing initial schema creation script 
26 Feb 2025 15:09:28,394 INFO com.sismics.util.jpa.DbOpenHelper.executeAllScript(DbOpenHelper.java:142) Executing script: dbupdate-000-0.sql 
26 Feb 2025 15:09:28,534 INFO com.sismics.util.jpa.DbOpenHelper.executeAllScript(DbOpenHelper.java:142) Executing script: dbupdate-000-1.sql 
26 Feb 2025 15:09:28,552 INFO com.sismics.util.jpa.DbOpenHelper.open(DbOpenHelper.java:106) Found database version 0, new version is 31, executing database incremental update scripts 
26 Feb 2025 15:09:28,554 INFO com.sismics.util.jpa.DbOpenHelper.executeAllScript(DbOpenHelper.java:142) Executing script: dbupdate-001-0.sql 
26 Feb 2025 15:09:28,578 INFO com.sismics.util.jpa.DbOpenHelper.executeAllScript(DbOpenHelper.java:142) Executing script: dbupdate-002-0.sql 
26 Feb 2025 15:09:28,586 INFO com.sismics.util.jpa.DbOpenHelper.executeAllScript(DbOpenHelper.java:142) Executing script: dbupdate-003-0.sql 
26 Feb 2025 15:09:28,592 INFO com.sismics.util.jpa.DbOpenHelper.executeAllScript(DbOpenHelper.java:142) Executing script: dbupdate-004-0.sql 
26 Feb 2025 15:09:28,605 INFO com.sismics.util.jpa.DbOpenHelper.executeAllScript(DbOpenHelper.java:142) Executing script: dbupdate-005-0.sql 
26 Feb 2025 15:09:28,609 INFO com.sismics.util.jpa.DbOpenHelper.executeAllScript(DbOpenHelper.java:142) Executing script: dbupdate-006-0.sql 
26 Feb 2025 15:09:28,695 INFO com.sismics.util.jpa.DbOpenHelper.executeAllScript(DbOpenHelper.java:142) Executing script: dbupdate-007-0.sql 
26 Feb 2025 15:09:28,702 INFO com.sismics.util.jpa.DbOpenHelper.executeAllScript(DbOpenHelper.java:142) Executing script: dbupdate-008-0.sql 
26 Feb 2025 15:09:28,708 INFO com.sismics.util.jpa.DbOpenHelper.executeAllScript(DbOpenHelper.java:142) Executing script: dbupdate-009-0.sql 
26 Feb 2025 15:09:28,715 INFO com.sismics.util.jpa.DbOpenHelper.executeAllScript(DbOpenHelper.java:142) Executing script: dbupdate-010-0.sql 
26 Feb 2025 15:09:28,720 INFO com.sismics.util.jpa.DbOpenHelper.executeAllScript(DbOpenHelper.java:142) Executing script: dbupdate-011-0.sql 
26 Feb 2025 15:09:28,726 INFO com.sismics.util.jpa.DbOpenHelper.executeAllScript(DbOpenHelper.java:142) Executing script: dbupdate-012-0.sql 
26 Feb 2025 15:09:28,731 INFO com.sismics.util.jpa.DbOpenHelper.executeAllScript(DbOpenHelper.java:142) Executing script: dbupdate-013-0.sql 
26 Feb 2025 15:09:28,735 INFO com.sismics.util.jpa.DbOpenHelper.executeAllScript(DbOpenHelper.java:142) Executing script: dbupdate-014-0.sql 
26 Feb 2025 15:09:28,741 INFO com.sismics.util.jpa.DbOpenHelper.executeAllScript(DbOpenHelper.java:142) Executing script: dbupdate-015-0.sql 
26 Feb 2025 15:09:28,751 INFO com.sismics.util.jpa.DbOpenHelper.executeAllScript(DbOpenHelper.java:142) Executing script: dbupdate-016-0.sql 
26 Feb 2025 15:09:28,755 INFO com.sismics.util.jpa.DbOpenHelper.executeAllScript(DbOpenHelper.java:142) Executing script: dbupdate-017-0.sql 
26 Feb 2025 15:09:28,759 INFO com.sismics.util.jpa.DbOpenHelper.executeAllScript(DbOpenHelper.java:142) Executing script: dbupdate-018-0.sql 
26 Feb 2025 15:09:28,808 INFO com.sismics.util.jpa.DbOpenHelper.executeAllScript(DbOpenHelper.java:142) Executing script: dbupdate-019-0.sql 
26 Feb 2025 15:09:28,812 INFO com.sismics.util.jpa.DbOpenHelper.executeAllScript(DbOpenHelper.java:142) Executing script: dbupdate-020-0.sql 
26 Feb 2025 15:09:28,816 INFO com.sismics.util.jpa.DbOpenHelper.executeAllScript(DbOpenHelper.java:142) Executing script: dbupdate-021-0.sql 
26 Feb 2025 15:09:28,825 INFO com.sismics.util.jpa.DbOpenHelper.executeAllScript(DbOpenHelper.java:142) Executing script: dbupdate-022-0.sql 
26 Feb 2025 15:09:28,833 INFO com.sismics.util.jpa.DbOpenHelper.executeAllScript(DbOpenHelper.java:142) Executing script: dbupdate-023-0.sql 
26 Feb 2025 15:09:28,840 INFO com.sismics.util.jpa.DbOpenHelper.executeAllScript(DbOpenHelper.java:142) Executing script: dbupdate-024-0.sql 
26 Feb 2025 15:09:28,846 INFO com.sismics.util.jpa.DbOpenHelper.executeAllScript(DbOpenHelper.java:142) Executing script: dbupdate-025-0.sql 
26 Feb 2025 15:09:28,850 INFO com.sismics.util.jpa.DbOpenHelper.executeAllScript(DbOpenHelper.java:142) Executing script: dbupdate-026-0.sql 
26 Feb 2025 15:09:28,853 INFO com.sismics.util.jpa.DbOpenHelper.executeAllScript(DbOpenHelper.java:142) Executing script: dbupdate-027-0.sql 
26 Feb 2025 15:09:28,857 INFO com.sismics.util.jpa.DbOpenHelper.executeAllScript(DbOpenHelper.java:142) Executing script: dbupdate-028-0.sql 
26 Feb 2025 15:09:28,861 INFO com.sismics.util.jpa.DbOpenHelper.executeAllScript(DbOpenHelper.java:142) Executing script: dbupdate-029-0.sql 
26 Feb 2025 15:09:28,868 INFO com.sismics.util.jpa.DbOpenHelper.executeAllScript(DbOpenHelper.java:142) Executing script: dbupdate-030-0.sql 
26 Feb 2025 15:09:28,871 INFO com.sismics.util.jpa.DbOpenHelper.executeAllScript(DbOpenHelper.java:142) Executing script: dbupdate-031-0.sql 
26 Feb 2025 15:09:28,873 INFO com.sismics.util.jpa.DbOpenHelper.open(DbOpenHelper.java:108) Database upgrade complete 
26 Feb 2025 15:09:28,875 INFO com.sismics.util.jpa.EMF.getEntityManagerProperties(EMF.java:67) Configuring EntityManager from hibernate.properties 
26 Feb 2025 15:09:36,482 INFO com.sismics.util.ClasspathScanner.findClasses(ClasspathScanner.java:48) Found 1 classes for IndexingHandler 
26 Feb 2025 15:09:36,803 INFO com.sismics.docs.core.util.indexing.LuceneIndexingHandler.initLucene(LuceneIndexingHandler.java:129) Using RAM Lucene storage 
26 Feb 2025 15:09:37,252 INFO com.sismics.docs.core.service.FileService.startUp(FileService.java:39) File service starting up 
26 Feb 2025 15:09:37,274 INFO com.sismics.docs.core.service.InboxService.startUp(InboxService.java:52) Inbox service starting up 
26 Feb 2025 15:09:37,279 INFO com.sismics.docs.core.service.FileSizeService.startUp(FileSizeService.java:30) File size service starting up 
26 Feb 2025 15:09:38,126 INFO com.sismics.docs.core.service.FileSizeService.lambda$runOneIteration$0(FileSizeService.java:50) No more file to process, stopping the service 
26 Feb 2025 15:09:38,131 INFO com.sismics.docs.core.service.FileSizeService.shutDown(FileSizeService.java:35) File size service shutting down 
26 Feb 2025 15:10:31,033 INFO com.sismics.util.ClasspathScanner.findClasses(ClasspathScanner.java:48) Found 2 classes for AuthenticationHandler 
26 Feb 2025 15:12:32,554 INFO com.sismics.docs.core.listener.async.DocumentCreatedAsyncListener.on(DocumentCreatedAsyncListener.java:35) Document created event: DocumentCreatedAsyncEvent{documentId=b7bc1744-5a2b-4c4d-a62d-4f49d5e6e11b} 
26 Feb 2025 15:12:34,098 INFO com.sismics.docs.core.util.FileUtil.startProcessingFile(FileUtil.java:225) Processing started for file: c9f6207a-808f-456b-8942-4e35afdf7986 
26 Feb 2025 15:12:34,109 INFO com.sismics.docs.core.listener.async.FileProcessingAsyncListener.on(FileProcessingAsyncListener.java:53) File created event: FileCreatedAsyncEvent{fileId=c9f6207a-808f-456b-8942-4e35afdf7986, language=eng} 
26 Feb 2025 15:12:34,109 INFO com.sismics.docs.core.listener.async.DocumentUpdatedAsyncListener.on(DocumentUpdatedAsyncListener.java:39) Document updated event: DocumentUpdatedAsyncEvent{documentId=b7bc1744-5a2b-4c4d-a62d-4f49d5e6e11b} 
26 Feb 2025 15:12:34,549 INFO com.sismics.util.ClasspathScanner.findClasses(ClasspathScanner.java:48) Found 7 classes for FormatHandler 
26 Feb 2025 15:12:39,066 INFO com.sismics.docs.core.listener.async.FileProcessingAsyncListener.extractContent(FileProcessingAsyncListener.java:176) Start extracting content from: File{id=c9f6207a-808f-456b-8942-4e35afdf7986, name=【哲风壁纸】世界尽头-空灵-美妙.png} 
26 Feb 2025 15:12:52,071 INFO com.sismics.docs.core.listener.async.FileProcessingAsyncListener.extractContent(FileProcessingAsyncListener.java:182) File content extracted in 13,006ms: c9f6207a-808f-456b-8942-4e35afdf7986 
26 Feb 2025 15:12:52,078 INFO com.sismics.docs.core.util.FileUtil.endProcessingFile(FileUtil.java:235) Processing ended for file: c9f6207a-808f-456b-8942-4e35afdf7986 
26 Feb 2025 15:23:30,876 INFO com.sismics.docs.core.listener.async.DocumentCreatedAsyncListener.on(DocumentCreatedAsyncListener.java:35) Document created event: DocumentCreatedAsyncEvent{documentId=062b29a0-044a-483a-bc2a-e5129e87432e} 
26 Feb 2025 15:23:31,988 INFO com.sismics.docs.core.util.FileUtil.startProcessingFile(FileUtil.java:225) Processing started for file: ddec363a-fdc2-443f-8034-0db55630b685 
26 Feb 2025 15:23:32,001 INFO com.sismics.docs.core.listener.async.FileProcessingAsyncListener.on(FileProcessingAsyncListener.java:53) File created event: FileCreatedAsyncEvent{fileId=ddec363a-fdc2-443f-8034-0db55630b685, language=eng} 
26 Feb 2025 15:23:32,001 INFO com.sismics.docs.core.listener.async.DocumentUpdatedAsyncListener.on(DocumentUpdatedAsyncListener.java:39) Document updated event: DocumentUpdatedAsyncEvent{documentId=062b29a0-044a-483a-bc2a-e5129e87432e} 
26 Feb 2025 15:23:32,824 INFO com.sismics.docs.core.listener.async.FileProcessingAsyncListener.extractContent(FileProcessingAsyncListener.java:176) Start extracting content from: File{id=ddec363a-fdc2-443f-8034-0db55630b685, name=【哲风壁纸】两只猫咪-可爱.png} 
26 Feb 2025 15:23:50,327 INFO com.sismics.docs.core.listener.async.FileProcessingAsyncListener.extractContent(FileProcessingAsyncListener.java:182) File content extracted in 17,503ms: ddec363a-fdc2-443f-8034-0db55630b685 
26 Feb 2025 15:23:50,337 INFO com.sismics.docs.core.util.FileUtil.endProcessingFile(FileUtil.java:235) Processing ended for file: ddec363a-fdc2-443f-8034-0db55630b685 
26 Feb 2025 15:23:54,432 INFO com.sismics.docs.core.service.InboxService.shutDown(InboxService.java:57) Inbox service shutting down 
26 Feb 2025 15:23:54,434 INFO com.sismics.docs.core.service.FileService.shutDown(FileService.java:44) File service shutting down 
26 Feb 2025 15:25:13,128 INFO com.sismics.util.jpa.EMF.getEntityManagerProperties(EMF.java:67) Configuring EntityManager from hibernate.properties 
26 Feb 2025 15:25:14,639 INFO com.sismics.util.jpa.DbOpenHelper.open(DbOpenHelper.java:57) Opening database and executing incremental updates 
26 Feb 2025 15:25:14,642 INFO com.sismics.util.jpa.DbOpenHelper.open(DbOpenHelper.java:83) Unable to get database version: Table T_CONFIG not found 
26 Feb 2025 15:25:14,642 INFO com.sismics.util.jpa.DbOpenHelper.open(DbOpenHelper.java:98) Executing initial schema creation script 
26 Feb 2025 15:25:14,653 INFO com.sismics.util.jpa.DbOpenHelper.executeAllScript(DbOpenHelper.java:142) Executing script: dbupdate-000-0.sql 
26 Feb 2025 15:25:14,769 INFO com.sismics.util.jpa.DbOpenHelper.executeAllScript(DbOpenHelper.java:142) Executing script: dbupdate-000-1.sql 
26 Feb 2025 15:25:14,786 INFO com.sismics.util.jpa.DbOpenHelper.open(DbOpenHelper.java:106) Found database version 0, new version is 31, executing database incremental update scripts 
26 Feb 2025 15:25:14,788 INFO com.sismics.util.jpa.DbOpenHelper.executeAllScript(DbOpenHelper.java:142) Executing script: dbupdate-001-0.sql 
26 Feb 2025 15:25:14,821 INFO com.sismics.util.jpa.DbOpenHelper.executeAllScript(DbOpenHelper.java:142) Executing script: dbupdate-002-0.sql 
26 Feb 2025 15:25:14,828 INFO com.sismics.util.jpa.DbOpenHelper.executeAllScript(DbOpenHelper.java:142) Executing script: dbupdate-003-0.sql 
26 Feb 2025 15:25:14,835 INFO com.sismics.util.jpa.DbOpenHelper.executeAllScript(DbOpenHelper.java:142) Executing script: dbupdate-004-0.sql 
26 Feb 2025 15:25:14,849 INFO com.sismics.util.jpa.DbOpenHelper.executeAllScript(DbOpenHelper.java:142) Executing script: dbupdate-005-0.sql 
26 Feb 2025 15:25:14,853 INFO com.sismics.util.jpa.DbOpenHelper.executeAllScript(DbOpenHelper.java:142) Executing script: dbupdate-006-0.sql 
26 Feb 2025 15:25:14,951 INFO com.sismics.util.jpa.DbOpenHelper.executeAllScript(DbOpenHelper.java:142) Executing script: dbupdate-007-0.sql 
26 Feb 2025 15:25:14,960 INFO com.sismics.util.jpa.DbOpenHelper.executeAllScript(DbOpenHelper.java:142) Executing script: dbupdate-008-0.sql 
26 Feb 2025 15:25:14,967 INFO com.sismics.util.jpa.DbOpenHelper.executeAllScript(DbOpenHelper.java:142) Executing script: dbupdate-009-0.sql 
26 Feb 2025 15:25:14,978 INFO com.sismics.util.jpa.DbOpenHelper.executeAllScript(DbOpenHelper.java:142) Executing script: dbupdate-010-0.sql 
26 Feb 2025 15:25:14,983 INFO com.sismics.util.jpa.DbOpenHelper.executeAllScript(DbOpenHelper.java:142) Executing script: dbupdate-011-0.sql 
26 Feb 2025 15:25:14,993 INFO com.sismics.util.jpa.DbOpenHelper.executeAllScript(DbOpenHelper.java:142) Executing script: dbupdate-012-0.sql 
26 Feb 2025 15:25:15,000 INFO com.sismics.util.jpa.DbOpenHelper.executeAllScript(DbOpenHelper.java:142) Executing script: dbupdate-013-0.sql 
26 Feb 2025 15:25:15,007 INFO com.sismics.util.jpa.DbOpenHelper.executeAllScript(DbOpenHelper.java:142) Executing script: dbupdate-014-0.sql 
26 Feb 2025 15:25:15,014 INFO com.sismics.util.jpa.DbOpenHelper.executeAllScript(DbOpenHelper.java:142) Executing script: dbupdate-015-0.sql 
26 Feb 2025 15:25:15,025 INFO com.sismics.util.jpa.DbOpenHelper.executeAllScript(DbOpenHelper.java:142) Executing script: dbupdate-016-0.sql 
26 Feb 2025 15:25:15,029 INFO com.sismics.util.jpa.DbOpenHelper.executeAllScript(DbOpenHelper.java:142) Executing script: dbupdate-017-0.sql 
26 Feb 2025 15:25:15,034 INFO com.sismics.util.jpa.DbOpenHelper.executeAllScript(DbOpenHelper.java:142) Executing script: dbupdate-018-0.sql 
26 Feb 2025 15:25:15,092 INFO com.sismics.util.jpa.DbOpenHelper.executeAllScript(DbOpenHelper.java:142) Executing script: dbupdate-019-0.sql 
26 Feb 2025 15:25:15,097 INFO com.sismics.util.jpa.DbOpenHelper.executeAllScript(DbOpenHelper.java:142) Executing script: dbupdate-020-0.sql 
26 Feb 2025 15:25:15,104 INFO com.sismics.util.jpa.DbOpenHelper.executeAllScript(DbOpenHelper.java:142) Executing script: dbupdate-021-0.sql 
26 Feb 2025 15:25:15,111 INFO com.sismics.util.jpa.DbOpenHelper.executeAllScript(DbOpenHelper.java:142) Executing script: dbupdate-022-0.sql 
26 Feb 2025 15:25:15,123 INFO com.sismics.util.jpa.DbOpenHelper.executeAllScript(DbOpenHelper.java:142) Executing script: dbupdate-023-0.sql 
26 Feb 2025 15:25:15,129 INFO com.sismics.util.jpa.DbOpenHelper.executeAllScript(DbOpenHelper.java:142) Executing script: dbupdate-024-0.sql 
26 Feb 2025 15:25:15,136 INFO com.sismics.util.jpa.DbOpenHelper.executeAllScript(DbOpenHelper.java:142) Executing script: dbupdate-025-0.sql 
26 Feb 2025 15:25:15,140 INFO com.sismics.util.jpa.DbOpenHelper.executeAllScript(DbOpenHelper.java:142) Executing script: dbupdate-026-0.sql 
26 Feb 2025 15:25:15,145 INFO com.sismics.util.jpa.DbOpenHelper.executeAllScript(DbOpenHelper.java:142) Executing script: dbupdate-027-0.sql 
26 Feb 2025 15:25:15,150 INFO com.sismics.util.jpa.DbOpenHelper.executeAllScript(DbOpenHelper.java:142) Executing script: dbupdate-028-0.sql 
26 Feb 2025 15:25:15,155 INFO com.sismics.util.jpa.DbOpenHelper.executeAllScript(DbOpenHelper.java:142) Executing script: dbupdate-029-0.sql 
26 Feb 2025 15:25:15,162 INFO com.sismics.util.jpa.DbOpenHelper.executeAllScript(DbOpenHelper.java:142) Executing script: dbupdate-030-0.sql 
26 Feb 2025 15:25:15,167 INFO com.sismics.util.jpa.DbOpenHelper.executeAllScript(DbOpenHelper.java:142) Executing script: dbupdate-031-0.sql 
26 Feb 2025 15:25:15,170 INFO com.sismics.util.jpa.DbOpenHelper.open(DbOpenHelper.java:108) Database upgrade complete 
26 Feb 2025 15:25:15,171 INFO com.sismics.util.jpa.EMF.getEntityManagerProperties(EMF.java:67) Configuring EntityManager from hibernate.properties 
26 Feb 2025 15:25:23,503 INFO com.sismics.util.ClasspathScanner.findClasses(ClasspathScanner.java:48) Found 1 classes for IndexingHandler 
26 Feb 2025 15:25:23,751 INFO com.sismics.docs.core.util.indexing.LuceneIndexingHandler.initLucene(LuceneIndexingHandler.java:129) Using RAM Lucene storage 
26 Feb 2025 15:25:24,174 INFO com.sismics.docs.core.service.FileService.startUp(FileService.java:39) File service starting up 
26 Feb 2025 15:25:24,195 INFO com.sismics.docs.core.service.InboxService.startUp(InboxService.java:52) Inbox service starting up 
26 Feb 2025 15:25:24,200 INFO com.sismics.docs.core.service.FileSizeService.startUp(FileSizeService.java:30) File size service starting up 
26 Feb 2025 15:25:25,169 INFO com.sismics.docs.core.service.FileSizeService.lambda$runOneIteration$0(FileSizeService.java:50) No more file to process, stopping the service 
26 Feb 2025 15:25:25,174 INFO com.sismics.docs.core.service.FileSizeService.shutDown(FileSizeService.java:35) File size service shutting down 
26 Feb 2025 15:26:04,806 INFO com.sismics.util.ClasspathScanner.findClasses(ClasspathScanner.java:48) Found 2 classes for AuthenticationHandler 
26 Feb 2025 15:48:52,221 INFO com.sismics.docs.core.listener.async.DocumentCreatedAsyncListener.on(DocumentCreatedAsyncListener.java:35) Document created event: DocumentCreatedAsyncEvent{documentId=75498810-9b54-4da6-a551-48512dc66fef} 
26 Feb 2025 15:48:53,768 INFO com.sismics.docs.core.util.FileUtil.startProcessingFile(FileUtil.java:225) Processing started for file: ad380915-1d7f-4c9c-903b-83ebed7c6159 
26 Feb 2025 15:48:53,773 INFO com.sismics.docs.core.listener.async.FileProcessingAsyncListener.on(FileProcessingAsyncListener.java:53) File created event: FileCreatedAsyncEvent{fileId=ad380915-1d7f-4c9c-903b-83ebed7c6159, language=eng} 
26 Feb 2025 15:48:53,774 INFO com.sismics.docs.core.listener.async.DocumentUpdatedAsyncListener.on(DocumentUpdatedAsyncListener.java:39) Document updated event: DocumentUpdatedAsyncEvent{documentId=75498810-9b54-4da6-a551-48512dc66fef} 
26 Feb 2025 15:48:54,194 INFO com.sismics.util.ClasspathScanner.findClasses(ClasspathScanner.java:48) Found 7 classes for FormatHandler 
26 Feb 2025 15:48:57,836 INFO com.sismics.docs.core.listener.async.FileProcessingAsyncListener.extractContent(FileProcessingAsyncListener.java:176) Start extracting content from: File{id=ad380915-1d7f-4c9c-903b-83ebed7c6159, name=【哲风壁纸】世界尽头-空灵-美妙.png} 
26 Feb 2025 15:49:12,074 INFO com.sismics.docs.core.listener.async.FileProcessingAsyncListener.extractContent(FileProcessingAsyncListener.java:182) File content extracted in 14,237ms: ad380915-1d7f-4c9c-903b-83ebed7c6159 
26 Feb 2025 15:49:12,079 INFO com.sismics.docs.core.util.FileUtil.endProcessingFile(FileUtil.java:235) Processing ended for file: ad380915-1d7f-4c9c-903b-83ebed7c6159 
